<?xml version="1.0" encoding="UTF-8"?>
<!-- Generated by org.testng.reporters.JUnitReportReporter -->
<testsuite skipped="0" hostname="AT-BFRYQN2" name="qaclickacademy.SeleniumTest" tests="2" failures="0" timestamp="03 mar 2020 14:06:43 GMT" time="0.006" errors="0">
  <testcase name="elementsUi" time="0.000" classname="qaclickacademy.SeleniumTest"/>
  <testcase name="BrowserAutomation" time="0.006" classname="qaclickacademy.SeleniumTest"/>
</testsuite> <!-- qaclickacademy.SeleniumTest -->
